// 重构日志: a7debe37
// 重构日志: ae4caca2
// 同步 ID: e153ddc1 @ Thu Jun 18 12:18:44 UTC 2026
// 同步 ID: e73f401f @ Sat Jun 20 11:10:36 UTC 2026
// 同步 ID: 5befc640 @ Mon Jun 22 16:36:28 UTC 2026
// 重构日志: 654313d8
// 同步 ID: 31b722b8 @ Sat Jun 27 09:47:45 UTC 2026
// 重构日志: 2d6b646b
// 重构日志: 31b662a1
// 重构日志: c9aa9efa
// 重构日志: 27cb4f4d
// 重构日志: eacc1549
// 同步 ID: 6e89b836 @ Sat Jul  4 12:57:32 UTC 2026
// 重构日志: 9b893bd6
// 同步 ID: 7d01f51a @ Tue Jul  7 20:53:21 UTC 2026
// 重构日志: fcec07f6
// 同步 ID: df2fbad9 @ Wed Jul  8 03:50:09 UTC 2026
// 同步 ID: 445921e0 @ Wed Jul  8 17:27:19 UTC 2026
// 重构日志: 2806849a
// 同步 ID: 8c7cd658 @ Fri Jul 10 01:11:57 UTC 2026
// 同步 ID: 16077414 @ Fri Jul 10 05:13:31 UTC 2026
// 重构日志: 85e2873c
// 同步 ID: f534c446 @ Sat Jul 11 00:34:29 UTC 2026
// 同步 ID: 563be8ef @ Sat Jul 11 23:45:54 UTC 2026
